<?xml version="1.0" encoding="UTF-8"?>
<testng-results skipped="0" failed="0" total="2" passed="2">
  <reporter-output>
  </reporter-output>
  <suite name="Default suite" duration-ms="589" started-at="2017-01-25T15:50:08Z" finished-at="2017-01-25T15:50:09Z">
    <groups>
    </groups>
    <test name="Default test" duration-ms="589" started-at="2017-01-25T15:50:08Z" finished-at="2017-01-25T15:50:09Z">
      <class name="calculette.CalculetteTest">
        <test-method status="PASS" signature="setUp()[pri:0, instance:calculette.CalculetteTest@3ac42916]" name="setUp" is-config="true" duration-ms="439" started-at="2017-01-25T16:50:08Z" finished-at="2017-01-25T16:50:09Z">
          <reporter-output>
          </reporter-output>
        </test-method> <!-- setUp -->
        <test-method status="PASS" signature="testAjouter()[pri:0, instance:calculette.CalculetteTest@3ac42916]" name="testAjouter" duration-ms="109" started-at="2017-01-25T16:50:09Z" finished-at="2017-01-25T16:50:09Z">
          <reporter-output>
          </reporter-output>
        </test-method> <!-- testAjouter -->
        <test-method status="PASS" signature="testSoustraire()[pri:0, instance:calculette.CalculetteTest@3ac42916]" name="testSoustraire" duration-ms="9" started-at="2017-01-25T16:50:09Z" finished-at="2017-01-25T16:50:09Z">
          <reporter-output>
          </reporter-output>
        </test-method> <!-- testSoustraire -->
        <test-method status="PASS" signature="tearDown()[pri:0, instance:calculette.CalculetteTest@3ac42916]" name="tearDown" is-config="true" duration-ms="1" started-at="2017-01-25T16:50:09Z" finished-at="2017-01-25T16:50:09Z">
          <reporter-output>
          </reporter-output>
        </test-method> <!-- tearDown -->
      </class> <!-- calculette.CalculetteTest -->
    </test> <!-- Default test -->
  </suite> <!-- Default suite -->
</testng-results>
